<?xml version="1.0" encoding="UTF-8"?>
<!-- Generated by org.testng.reporters.JUnitXMLReporter -->
<testsuite ignored="0" hostname="DESKTOP-063AJHD" failures="0" tests="6" name="test1" time="0.045" errors="0" timestamp="2023-06-02T15:11:58 CEST">
  <testcase classname="HurTest" name="testCalcArea1" time="0.002"/>
  <testcase classname="HurTest" name="testCalcArea2" time="0.0"/>
  <testcase classname="HurTest" name="testCalcArea3" time="0.0"/>
  <testcase classname="HurTest" name="testCalcArea4" time="0.0"/>
  <testcase classname="HurTest" name="testCalcArea5" time="0.0"/>
  <testcase classname="HurTest" name="testCalcArea6" time="0.0"/>
</testsuite> <!-- test1 -->
