<?xml version="1.0" encoding="UTF-8"?>
<testng-results ignored="0" total="6" passed="6" failed="0" skipped="0">
  <reporter-output>
  </reporter-output>
  <suite started-at="2023-06-02T15:11:58 CEST" name="Suite1" finished-at="2023-06-02T15:11:58 CEST" duration-ms="45">
    <groups>
    </groups>
    <test started-at="2023-06-02T15:11:58 CEST" name="test1" finished-at="2023-06-02T15:11:58 CEST" duration-ms="45">
      <class name="HurTest">
        <test-method is-config="true" signature="testInit()[pri:0, instance:HurTest@75f9eccc]" started-at="2023-06-02T15:11:58 CEST" name="testInit" finished-at="2023-06-02T15:11:58 CEST" duration-ms="9" status="PASS">
          <reporter-output>
          </reporter-output>
        </test-method> <!-- testInit -->
        <test-method signature="testCalcArea1()[pri:0, instance:HurTest@75f9eccc]" started-at="2023-06-02T15:11:58 CEST" name="testCalcArea1" finished-at="2023-06-02T15:11:58 CEST" duration-ms="2" status="PASS">
          <reporter-output>
          </reporter-output>
        </test-method> <!-- testCalcArea1 -->
        <test-method signature="testCalcArea2()[pri:0, instance:HurTest@75f9eccc]" started-at="2023-06-02T15:11:58 CEST" name="testCalcArea2" finished-at="2023-06-02T15:11:58 CEST" duration-ms="0" status="PASS">
          <reporter-output>
          </reporter-output>
        </test-method> <!-- testCalcArea2 -->
        <test-method signature="testCalcArea3()[pri:0, instance:HurTest@75f9eccc]" started-at="2023-06-02T15:11:58 CEST" name="testCalcArea3" finished-at="2023-06-02T15:11:58 CEST" duration-ms="0" status="PASS">
          <reporter-output>
          </reporter-output>
        </test-method> <!-- testCalcArea3 -->
        <test-method signature="testCalcArea4()[pri:0, instance:HurTest@75f9eccc]" started-at="2023-06-02T15:11:58 CEST" name="testCalcArea4" finished-at="2023-06-02T15:11:58 CEST" duration-ms="0" status="PASS">
          <reporter-output>
          </reporter-output>
        </test-method> <!-- testCalcArea4 -->
        <test-method signature="testCalcArea5()[pri:0, instance:HurTest@75f9eccc]" started-at="2023-06-02T15:11:58 CEST" name="testCalcArea5" finished-at="2023-06-02T15:11:58 CEST" duration-ms="0" status="PASS">
          <reporter-output>
          </reporter-output>
        </test-method> <!-- testCalcArea5 -->
        <test-method signature="testCalcArea6()[pri:0, instance:HurTest@75f9eccc]" started-at="2023-06-02T15:11:58 CEST" name="testCalcArea6" finished-at="2023-06-02T15:11:58 CEST" duration-ms="0" status="PASS">
          <reporter-output>
          </reporter-output>
        </test-method> <!-- testCalcArea6 -->
      </class> <!-- HurTest -->
    </test> <!-- test1 -->
  </suite> <!-- Suite1 -->
</testng-results>
